Project file: C:\Guidewire\TrainingApp\.idea\settings\system\tmp\gosuc-project-file-407412576883073705784432409517500
Stdout file: compiler.log
Module path: [configuration]
Creating Gosuc -> 398ms
Could not find product specific Config parameter class, gw.api.system.ABConfigParameters Will allow platform only config parameters
Display key found with different argument lists across locales: Web.Address.AutoFill.AddressField.InvalidFormat
Initializing Gosuc -> 7041ms
Compiling wsi.remote.microsoft.CultureCodes...
Compiling wsi.remote.gw.webservice.pc.PCConfigurationProvider...
Compiling wsi.remote.gw.webservice.cc.CCConfigurationProvider...
Compiling wsi.remote.gw.webservice.bc.BCConfigurationProvider...
Compiling trainingapp.demo.safeordering.SafeOrderingDemoTransport...
Compiling trainingapp.demo.messaging.ExampleJMSReply...
Warning: You should add an explicitly caught type here. [line:-2527 col:16] in
line 1: 
Compiling trainingapp.demo.messagegenerator.MessageGeneratorRequest...
Compiling trainingapp.demo.messagegenerator.MessageGeneratorTransport...
Compiling trainingapp.demo.messageack.MessageAckPage...
Compiling trainingapp.demo.messageack.MessageAckUtil...
Compiling trainingapp.demo.java.JavaTypeExamples...
Compiling trainingapp.demo.gosu.Author...
Compiling trainingapp.demo.gosu.BundleExamples...
Compiling trainingapp.demo.gosu.BundleExamplesWithLiteral...
Compiling trainingapp.demo.gosu.ColorSequenceable...
Compiling trainingapp.demo.gosu.ColorType...
Compiling trainingapp.demo.gosu.GenericsExamples...
Compiling trainingapp.demo.gosu.MiscellaneousExamples...
Compiling trainingapp.demo.gosu.SequenceUtilityExamples...
Compiling trainingapp.demo.ExampleIStartablePlugin...
Compiling trainingapp.base.AssignedUserUtil...
Compiling trainingapp.base.DefaultPrintToConsoleTransport...
Compiling trainingapp.base.QueryUtil...
Compiling trainingapp.base.RecentlyViewedContactUtil...
Compiling trainingapp.base.SampleDataUtil...
Compiling ta.QueryUtil...
Compiling libraries.RelatedContactsSorting...
Compiling gw.xml.ws.CoreWsiExportableUtilEnhancement...
Compiling gw.wsi.pl.ImportToolsAPI...
Warning: loadByPublicId(gw.entity.IEntityType, java.lang.String) : KeyableBean in gw.pl.persistence.core.Bundle has been deprecated. [line:-9156 col:22] in
line 1: 
Compiling gw.wsi.pl.LoginAPI...
Compiling gw.wsi.pl.ProfilerAPI...
Compiling gw.wsi.pl.SystemToolsAPI...
Compiling gw.wsi.pl.TableImportAPI...
Compiling gw.wsi.pl.TypelistToolsAPI...
Compiling gw.wsi.pl.WorkflowAPI...
Compiling gw.wsi.pl.ZoneImportAPI...
Compiling gw.webservice.workflow.IWorkflowAPI...
Compiling gw.webservice.tableimport.ITableImportAPI...
Compiling gw.webservice.systemTools.ISystemToolsAPI...
Compiling gw.webservice.login.ILoginAPI...
Compiling gw.webservice.importTools.IImportToolsAPI...
Compiling gw.webservice.contactapi.ab800.ABClientAPIAddressBookUIDContainer...
Compiling gw.webservice.contactapi.ab800.ABClientAPIAddressBookUIDTuple...
Compiling gw.webservice.contactapi.ab800.ABClientAPIPendingChangeContext...
Compiling gw.webservice.contactapi.GWXmlBackedInstanceEnhancement...
Compiling gw.webservice.ab.ab801.abcontactapi.ABContactAPIAddressSearch...
Compiling gw.webservice.ab.ab801.abcontactapi.ABContactAPIFindDuplicatesResult...
Compiling gw.webservice.ab.ab801.abcontactapi.ABContactAPIPendingContactChange...
Compiling gw.webservice.ab.ab801.abcontactapi.ABContactAPIProximitySearchParameters...
Compiling gw.webservice.ab.ab801.abcontactapi.ABContactAPIRelatedContact...
Compiling gw.webservice.ab.ab801.abcontactapi.ABContactAPISearchCriteria...
Compiling gw.webservice.ab.ab801.abcontactapi.ABContactAPISearchResult...
Compiling gw.webservice.ab.ab801.abcontactapi.ABContactAPISpecialistService...
Compiling gw.webservice.ab.ab801.abcontactapi.AddressInfo...
Warning: An implicit coercion from type java.lang.Boolean to java.lang.String occurs here.  Consider making this explicit with an "as java.lang.String". [line:-1517 col:18] in
line 1: 
Compiling gw.webservice.ab.ab801.abcontactapi.RelatedContactInfoContainer...
Compiling gw.webservice.ab.ab801.MaintenanceToolsAPI...
Compiling gw.webservice.ab.ab801.MessagingToolsAPI...
Compiling gw.webservice.ab.ab800.abvendorevaluationapi.ABVendorEvaluationAPIReviewSummary...
Warning: Duplicate uses statement [line:5 col:20] in
line 4: uses gw.transaction.Transaction
line 5: uses gw.api.system.ABLoggerCategory
line 6: uses gw.pl.persistence.core.Bundle
Compiling gw.webservice.ab.ab700.reviewsummary.IReviewSummaryAPI...
Warning: RpcWebService(typekey.SystemPermissionType[]) in RpcWebService has been deprecated. [line:-397 col:1] in
line 1: 
Compiling gw.webservice.ab.ab700.messagingtools.IMessagingToolsAPI...
Warning: RpcWebService(gw.api.webservice.WSRunlevel) in RpcWebService has been deprecated. [line:-554 col:1] in
line 1: 
Compiling gw.webservice.ab.ab700.maintenancetools.IMaintenanceToolsAPI...
Warning: RpcWebService(gw.api.webservice.WSRunlevel) in RpcWebService has been deprecated. [line:-816 col:1] in
line 1: 
Compiling gw.webservice.ab.ab700.abcontactapi.ABContactAPIFindDuplicatesResult...
Warning: Exact in gw.webservice.ab.ab700.abcontactapi.ABContactAPIFindDuplicatesResult has been deprecated. [line:-1332 col:5] in
line 1: 
Warning: LinkID in gw.webservice.ab.ab700.abcontactapi.ABContactAPIFindDuplicatesResult has been deprecated. [line:-1365 col:5] in
line 1: 
Warning: ContactType in gw.webservice.ab.ab700.abcontactapi.ABContactAPIFindDuplicatesResult has been deprecated. [line:-1402 col:5] in
line 1: 
Warning: Name in gw.webservice.ab.ab700.abcontactapi.ABContactAPIFindDuplicatesResult has been deprecated. [line:-1445 col:5] in
line 1: 
Warning: FirstName in gw.webservice.ab.ab700.abcontactapi.ABContactAPIFindDuplicatesResult has been deprecated. [line:-1507 col:7] in
line 1: 
Warning: LastName in gw.webservice.ab.ab700.abcontactapi.ABContactAPIFindDuplicatesResult has been deprecated. [line:-1547 col:7] in
line 1: 
Warning: MiddleName in gw.webservice.ab.ab700.abcontactapi.ABContactAPIFindDuplicatesResult has been deprecated. [line:-1585 col:7] in
line 1: 
Warning: Prefix in gw.webservice.ab.ab700.abcontactapi.ABContactAPIFindDuplicatesResult has been deprecated. [line:-1627 col:7] in
line 1: 
Warning: Suffix in gw.webservice.ab.ab700.abcontactapi.ABContactAPIFindDuplicatesResult has been deprecated. [line:-1666 col:7] in
line 1: 
Warning: CellPhone in gw.webservice.ab.ab700.abcontactapi.ABContactAPIFindDuplicatesResult has been deprecated. [line:-1705 col:7] in
line 1: 
Warning: mapPhoneValues(java.lang.String, typekey.PhoneCountryCode, java.lang.String) : String in Type<gw.webservice.contactapi.ab700.ContactMappingPhoneUtil> has been deprecated. [line:-1705 col:24] in
line 1: 
Warning: DateOfBirth in gw.webservice.ab.ab700.abcontactapi.ABContactAPIFindDuplicatesResult has been deprecated. [line:-1839 col:7] in
line 1: 
Warning: EmailAddress1 in gw.webservice.ab.ab700.abcontactapi.ABContactAPIFindDuplicatesResult has been deprecated. [line:-1892 col:5] in
line 1: 
Warning: EmailAddress2 in gw.webservice.ab.ab700.abcontactapi.ABContactAPIFindDuplicatesResult has been deprecated. [line:-1938 col:5] in
line 1: 
Warning: PrimaryPhone in gw.webservice.ab.ab700.abcontactapi.ABContactAPIFindDuplicatesResult has been deprecated. [line:-1984 col:5] in
line 1: 
Warning: FaxPhone in gw.webservice.ab.ab700.abcontactapi.ABContactAPIFindDuplicatesResult has been deprecated. [line:-2033 col:5] in
line 1: 
Warning: mapPhoneValues(java.lang.String, typekey.PhoneCountryCode, java.lang.String) : String in Type<gw.webservice.contactapi.ab700.ContactMappingPhoneUtil> has been deprecated. [line:-2033 col:21] in
line 1: 
Warning: HomePhone in gw.webservice.ab.ab700.abcontactapi.ABContactAPIFindDuplicatesResult has been deprecated. [line:-2161 col:5] in
line 1: 
Warning: mapPhoneValues(java.lang.String, typekey.PhoneCountryCode, java.lang.String) : String in Type<gw.webservice.contactapi.ab700.ContactMappingPhoneUtil> has been deprecated. [line:-2161 col:22] in
line 1: 
Warning: WorkPhone in gw.webservice.ab.ab700.abcontactapi.ABContactAPIFindDuplicatesResult has been deprecated. [line:-2293 col:5] in
line 1: 
Warning: mapPhoneValues(java.lang.String, typekey.PhoneCountryCode, java.lang.String) : String in Type<gw.webservice.contactapi.ab700.ContactMappingPhoneUtil> has been deprecated. [line:-2293 col:22] in
line 1: 
Warning: Preferred in gw.webservice.ab.ab700.abcontactapi.ABContactAPIFindDuplicatesResult has been deprecated. [line:-2425 col:5] in
line 1: 
Warning: VendorType in gw.webservice.ab.ab700.abcontactapi.ABContactAPIFindDuplicatesResult has been deprecated. [line:-2463 col:5] in
line 1: 
Warning: Score in gw.webservice.ab.ab700.abcontactapi.ABContactAPIFindDuplicatesResult has been deprecated. [line:-2508 col:5] in
line 1: 
Warning: TaxID in gw.webservice.ab.ab700.abcontactapi.ABContactAPIFindDuplicatesResult has been deprecated. [line:-2538 col:5] in
line 1: 
Warning: PrimaryAddress in gw.webservice.ab.ab700.abcontactapi.ABContactAPIFindDuplicatesResult has been deprecated. [line:-2568 col:5] in
line 1: 
Warning: AddressInfo(entity.Address) in AddressInfo has been deprecated. [line:-2568 col:27] in
line 1: 
Compiling gw.webservice.ab.ab700.abcontactapi.ABContactAPIRelatedContact...
Compiling gw.webservice.ab.ab700.abcontactapi.ABContactAPISearchResult...
Warning: LinkID in gw.webservice.ab.ab700.abcontactapi.ABContactAPISearchResult has been deprecated. [line:-1256 col:5] in
line 1: 
Warning: ContactType in gw.webservice.ab.ab700.abcontactapi.ABContactAPISearchResult has been deprecated. [line:-1293 col:5] in
line 1: 
Warning: Name in gw.webservice.ab.ab700.abcontactapi.ABContactAPISearchResult has been deprecated. [line:-1336 col:5] in
line 1: 
Warning: FirstName in gw.webservice.ab.ab700.abcontactapi.ABContactAPISearchResult has been deprecated. [line:-1398 col:7] in
line 1: 
Warning: LastName in gw.webservice.ab.ab700.abcontactapi.ABContactAPISearchResult has been deprecated. [line:-1438 col:7] in
line 1: 
Warning: MiddleName in gw.webservice.ab.ab700.abcontactapi.ABContactAPISearchResult has been deprecated. [line:-1476 col:7] in
line 1: 
Warning: Prefix in gw.webservice.ab.ab700.abcontactapi.ABContactAPISearchResult has been deprecated. [line:-1518 col:7] in
line 1: 
Warning: Suffix in gw.webservice.ab.ab700.abcontactapi.ABContactAPISearchResult has been deprecated. [line:-1557 col:7] in
line 1: 
Warning: CellPhone in gw.webservice.ab.ab700.abcontactapi.ABContactAPISearchResult has been deprecated. [line:-1596 col:7] in
line 1: 
Warning: mapPhoneValues(java.lang.String, typekey.PhoneCountryCode, java.lang.String) : String in Type<gw.webservice.contactapi.ab700.ContactMappingPhoneUtil> has been deprecated. [line:-1596 col:24] in
line 1: 
Warning: DateOfBirth in gw.webservice.ab.ab700.abcontactapi.ABContactAPISearchResult has been deprecated. [line:-1730 col:7] in
line 1: 
Warning: EmailAddress1 in gw.webservice.ab.ab700.abcontactapi.ABContactAPISearchResult has been deprecated. [line:-1783 col:5] in
line 1: 
Warning: EmailAddress2 in gw.webservice.ab.ab700.abcontactapi.ABContactAPISearchResult has been deprecated. [line:-1829 col:5] in
line 1: 
Warning: PrimaryPhone in gw.webservice.ab.ab700.abcontactapi.ABContactAPISearchResult has been deprecated. [line:-1875 col:5] in
line 1: 
Warning: FaxPhone in gw.webservice.ab.ab700.abcontactapi.ABContactAPISearchResult has been deprecated. [line:-1924 col:5] in
line 1: 
Warning: mapPhoneValues(java.lang.String, typekey.PhoneCountryCode, java.lang.String) : String in Type<gw.webservice.contactapi.ab700.ContactMappingPhoneUtil> has been deprecated. [line:-1924 col:21] in
line 1: 
Warning: HomePhone in gw.webservice.ab.ab700.abcontactapi.ABContactAPISearchResult has been deprecated. [line:-2052 col:5] in
line 1: 
Warning: mapPhoneValues(java.lang.String, typekey.PhoneCountryCode, java.lang.String) : String in Type<gw.webservice.contactapi.ab700.ContactMappingPhoneUtil> has been deprecated. [line:-2052 col:22] in
line 1: 
Warning: WorkPhone in gw.webservice.ab.ab700.abcontactapi.ABContactAPISearchResult has been deprecated. [line:-2184 col:5] in
line 1: 
Warning: mapPhoneValues(java.lang.String, typekey.PhoneCountryCode, java.lang.String) : String in Type<gw.webservice.contactapi.ab700.ContactMappingPhoneUtil> has been deprecated. [line:-2184 col:22] in
line 1: 
Warning: Preferred in gw.webservice.ab.ab700.abcontactapi.ABContactAPISearchResult has been deprecated. [line:-2316 col:5] in
line 1: 
Warning: VendorType in gw.webservice.ab.ab700.abcontactapi.ABContactAPISearchResult has been deprecated. [line:-2354 col:5] in
line 1: 
Warning: Score in gw.webservice.ab.ab700.abcontactapi.ABContactAPISearchResult has been deprecated. [line:-2399 col:5] in
line 1: 
Warning: TaxID in gw.webservice.ab.ab700.abcontactapi.ABContactAPISearchResult has been deprecated. [line:-2429 col:5] in
line 1: 
Warning: PrimaryAddress in gw.webservice.ab.ab700.abcontactapi.ABContactAPISearchResult has been deprecated. [line:-2459 col:5] in
line 1: 
Warning: AddressInfo(entity.Address) in AddressInfo has been deprecated. [line:-2459 col:27] in
line 1: 
Compiling gw.webservice.ab.ab700.abcontactapi.ABContactSearchCriteriaInfo...
Warning: ContactType in gw.webservice.ab.ab700.abcontactapi.ABContactSearchCriteriaInfo has been deprecated. [line:-1560 col:30] in
line 1: 
Warning: FirstName in gw.webservice.ab.ab700.abcontactapi.ABContactSearchCriteriaInfo has been deprecated. [line:-1606 col:30] in
line 1: 
Warning: Keyword in gw.webservice.ab.ab700.abcontactapi.ABContactSearchCriteriaInfo has been deprecated. [line:-1650 col:30] in
line 1: 
Warning: OrganizationName in gw.webservice.ab.ab700.abcontactapi.ABContactSearchCriteriaInfo has been deprecated. [line:-1692 col:30] in
line 1: 
Warning: PreferredVendors in gw.webservice.ab.ab700.abcontactapi.ABContactSearchCriteriaInfo has been deprecated. [line:-1743 col:30] in
line 1: 
Warning: TaxID in gw.webservice.ab.ab700.abcontactapi.ABContactSearchCriteriaInfo has been deprecated. [line:-1794 col:30] in
line 1: 
Warning: EmployeeNumber in gw.webservice.ab.ab700.abcontactapi.ABContactSearchCriteriaInfo has been deprecated. [line:-1834 col:30] in
line 1: 
Warning: Score in gw.webservice.ab.ab700.abcontactapi.ABContactSearchCriteriaInfo has been deprecated. [line:-1883 col:30] in
line 1: 
Warning: AdjudicativeDomain in gw.webservice.ab.ab700.abcontactapi.ABContactSearchCriteriaInfo has been deprecated. [line:-1923 col:30] in
line 1: 
Warning: AttorneySpecialty in gw.webservice.ab.ab700.abcontactapi.ABContactSearchCriteriaInfo has been deprecated. [line:-1976 col:30] in
line 1: 
Warning: DoctorSpecialty in gw.webservice.ab.ab700.abcontactapi.ABContactSearchCriteriaInfo has been deprecated. [line:-2028 col:30] in
line 1: 
Warning: LawFirmSpecialty in gw.webservice.ab.ab700.abcontactapi.ABContactSearchCriteriaInfo has been deprecated. [line:-2078 col:30] in
line 1: 
Warning: MedicalOrgSpecialty in gw.webservice.ab.ab700.abcontactapi.ABContactSearchCriteriaInfo has been deprecated. [line:-2129 col:30] in
line 1: 
Warning: VendorType in gw.webservice.ab.ab700.abcontactapi.ABContactSearchCriteriaInfo has been deprecated. [line:-2183 col:30] in
line 1: 
Warning: AllTagsRequired in gw.webservice.ab.ab700.abcontactapi.ABContactSearchCriteriaInfo has been deprecated. [line:-2228 col:30] in
line 1: 
Warning: Address in gw.webservice.ab.ab700.abcontactapi.ABContactSearchCriteriaInfo has been deprecated. [line:-2569 col:47] in
line 1: 
Warning: ProximitySearchCenter in gw.webservice.ab.ab700.abcontactapi.ABContactSearchCriteriaInfo has been deprecated. [line:-2628 col:61] in
line 1: 
Warning: ProximitySearchParameters in gw.webservice.ab.ab700.abcontactapi.ABContactSearchCriteriaInfo has been deprecated. [line:-2715 col:75] in
line 1: 
Warning: Tags in gw.webservice.ab.ab700.abcontactapi.ABContactSearchCriteriaInfo has been deprecated. [line:-2820 col:9] in
line 1: 
Warning: Tags in gw.webservice.ab.ab700.abcontactapi.ABContactSearchCriteriaInfo has been deprecated. [line:-2848 col:23] in
line 1: 
Warning: City in gw.webservice.ab.ab700.abcontactapi.AddressSearchInfo has been deprecated. [line:-3111 col:28] in
line 1: 
Warning: State in gw.webservice.ab.ab700.abcontactapi.AddressSearchInfo has been deprecated. [line:-3147 col:29] in
line 1: 
Warning: PostalCode in gw.webservice.ab.ab700.abcontactapi.AddressSearchInfo has been deprecated. [line:-3185 col:34] in
line 1: 
Warning: Country in gw.webservice.ab.ab700.abcontactapi.AddressSearchInfo has been deprecated. [line:-3233 col:31] in
line 1: 
Warning: DistanceBasedSearch in gw.webservice.ab.ab700.abcontactapi.ProximitySearchParametersInfo has been deprecated. [line:-3408 col:34] in
line 1: 
Warning: Number in gw.webservice.ab.ab700.abcontactapi.ProximitySearchParametersInfo has been deprecated. [line:-3465 col:21] in
line 1: 
Warning: UnitOfDistance in gw.webservice.ab.ab700.abcontactapi.ProximitySearchParametersInfo has been deprecated. [line:-3496 col:29] in
line 1: 
Warning: GeocodeStatus in gw.webservice.ab.ab700.abcontactapi.ProximitySearchParametersInfo has been deprecated. [line:-3543 col:28] in
line 1: 
Warning: Longitude in gw.webservice.ab.ab700.abcontactapi.ProximitySearchParametersInfo has been deprecated. [line:-3588 col:27] in
line 1: 
Warning: Longitude in gw.webservice.ab.ab700.abcontactapi.ProximitySearchParametersInfo has been deprecated. [line:-3588 col:76] in
line 1: 
Warning: Latitude in gw.webservice.ab.ab700.abcontactapi.ProximitySearchParametersInfo has been deprecated. [line:-3588 col:92] in
line 1: 
Warning: SavedSearchCenter in gw.webservice.ab.ab700.abcontactapi.ProximitySearchParametersInfo has been deprecated. [line:-3693 col:32] in
line 1: 
Warning: CorrectedSearchCenter in gw.webservice.ab.ab700.abcontactapi.ProximitySearchParametersInfo has been deprecated. [line:-3746 col:36] in
line 1: 
Compiling gw.webservice.ab.ab700.abcontactapi.AddressInfo...
Warning: LinkID in gw.webservice.ab.ab700.abcontactapi.AddressInfo has been deprecated. [line:-1000 col:5] in
line 1: 
Warning: AddressLine1 in gw.webservice.ab.ab700.abcontactapi.AddressInfo has been deprecated. [line:-1032 col:5] in
line 1: 
Warning: AddressLine2 in gw.webservice.ab.ab700.abcontactapi.AddressInfo has been deprecated. [line:-1076 col:5] in
line 1: 
Warning: AddressLine3 in gw.webservice.ab.ab700.abcontactapi.AddressInfo has been deprecated. [line:-1120 col:5] in
line 1: 
Warning: City in gw.webservice.ab.ab700.abcontactapi.AddressInfo has been deprecated. [line:-1164 col:5] in
line 1: 
Warning: State in gw.webservice.ab.ab700.abcontactapi.AddressInfo has been deprecated. [line:-1192 col:5] in
line 1: 
Warning: An implicit coercion from type typekey.State to java.lang.String occurs here.  Consider making this explicit with an "as java.lang.String". [line:-1192 col:18] in
line 1: 
Warning: PostalCode in gw.webservice.ab.ab700.abcontactapi.AddressInfo has been deprecated. [line:-1222 col:5] in
line 1: 
Warning: Country in gw.webservice.ab.ab700.abcontactapi.AddressInfo has been deprecated. [line:-1262 col:5] in
line 1: 
Warning: County in gw.webservice.ab.ab700.abcontactapi.AddressInfo has been deprecated. [line:-1301 col:5] in
line 1: 
Warning: Description in gw.webservice.ab.ab700.abcontactapi.AddressInfo has been deprecated. [line:-1333 col:5] in
line 1: 
Warning: AddressType in gw.webservice.ab.ab700.abcontactapi.AddressInfo has been deprecated. [line:-1375 col:5] in
line 1: 
Warning: ValidUntil in gw.webservice.ab.ab700.abcontactapi.AddressInfo has been deprecated. [line:-1422 col:5] in
line 1: 
Warning: Latitude in gw.webservice.ab.ab700.abcontactapi.AddressInfo has been deprecated. [line:-1466 col:5] in
line 1: 
Warning: Longitude in gw.webservice.ab.ab700.abcontactapi.AddressInfo has been deprecated. [line:-1502 col:5] in
line 1: 
Warning: GeocodeStatus in gw.webservice.ab.ab700.abcontactapi.AddressInfo has been deprecated. [line:-1540 col:5] in
line 1: 
Compiling gw.webservice.ab.ab700.abcontactapi.AddressSearchInfo...
Compiling gw.webservice.ab.ab700.abcontactapi.ProximitySearchParametersInfo...
Compiling gw.webservice.ab.ab700.abcontactapi.RelatedContactInfoContainer...
Compiling gw.webservice.IDataObjectAPI...
Warning: RpcWebService() in RpcWebService has been deprecated. [line:-969 col:1] in
line 1: 
Warning: Implicit coercion to ArrayList. Please use ArrayList explicitly. [line:-7898 col:26] in
line 1: 
Warning: SetPathValuesIDRef(java.lang.String, java.lang.String) in SetPathValuesIDRef has been deprecated. [line:-7966 col:57] in
line 1: 
Warning: SetPathValuesResult(gw.webservice.SetPathValuesIDRef[]) in SetPathValuesResult has been deprecated. [line:-8061 col:12] in
line 1: 
Warning: FindIdsResult(java.lang.String[]) in FindIdsResult has been deprecated. [line:-12046 col:12] in
line 1: 
Compiling gw.webservice.ITypelistToolsAPI...
Compiling gw.webservice.IUserAPI...
Compiling gw.webservice.IZoneImportAPI...
Compiling gw.webservice.WsdlConfigTestUtil...
Compiling gw.web.merge.MergeContactsWebUtil...
Compiling gw.web.contacts.merge.MergeContactsWebUtil...
Warning: MergeContactsWebUtil() in MergeContactsWebUtil has been deprecated. [line:-486 col:70] in
line 1: 
Warning: AddressDataByAddress in gw.web.contacts.merge.MergeContactsAddressHolder has been deprecated. [line:-2347 col:32] in
line 1: 
Warning: PrimaryAddress in gw.web.contacts.merge.MergeContactsAddressHolder has been deprecated. [line:-2416 col:36] in
line 1: 
Warning: KeptContactRelatedContacts in gw.web.contacts.merge.MergeContactsLinkedContactsHolder has been deprecated. [line:-6213 col:5] in
line 1: 
Warning: RetiredContactRelatedContacts in gw.web.contacts.merge.MergeContactsLinkedContactsHolder has been deprecated. [line:-6355 col:5] in
line 1: 
Warning: KeptContactData in gw.web.contacts.merge.MergeContactsEFTDataHolder has been deprecated. [line:-6763 col:5] in
line 1: 
Warning: RetiredContactData in gw.web.contacts.merge.MergeContactsEFTDataHolder has been deprecated. [line:-6867 col:5] in
line 1: 
Compiling gw.web.ContactDetailsVendorHelper...
Compiling gw.web.PendingChangesWebUtil...
Compiling gw.util.xml.GWIXMLNodeCompatibilityEnhancement...
Compiling gw.util.Geocode...
Compiling gw.util.GWBaseArrayEnhancement...
Compiling gw.util.GWBaseArraysEnhancement...
Compiling gw.util.GWBaseBigDecimalEnhancement...
Compiling gw.util.GWBaseCalendarEnhancement...
Compiling gw.util.GWBaseCollectionEnhancement...
Compiling gw.util.GWBaseComparatorEnhancement...
Compiling gw.util.GWBaseDateEnhancement...
Warning: gw.util.DateRange in gw.util.DateRange has been deprecated. [line:-15618 col:37] in
line 1: 
Warning: DateRange(java.util.Date, java.util.Date) in DateRange has been deprecated. [line:-15665 col:12] in
line 1: 
Warning: gw.util.DateRange in gw.util.DateRange has been deprecated. [line:-15665 col:16] in
line 1: 
Compiling gw.util.GWBaseDateRangeEnhancement...
Warning: gw.util.DateRange in gw.util.DateRange has been deprecated. [line:-79 col:42] in
line 1: 
Warning: setIncr(block(java.util.Date):java.util.Date) : void in gw.util.DateRange has been deprecated. [line:-185 col:5] in
line 1: 
Warning: IncrementAmount in gw.util.DateRange has been deprecated. [line:-185 col:54] in
line 1: 
Compiling gw.util.GWBaseIMoneyEnhancement...
Compiling gw.util.GWBaseIntegerEnhancement...
Warning: IntegerRange(java.lang.Integer, java.lang.Integer) in IntegerRange has been deprecated. [line:-307 col:12] in
line 1: 
Warning: IntegerRange(java.lang.Integer, java.lang.Integer, java.lang.Integer) in IntegerRange has been deprecated. [line:-738 col:12] in
line 1: 
Compiling gw.util.GWBaseIteratorEnhancement...
Compiling gw.util.GWBaseListEnhancement...
Compiling gw.util.GWBaseObjectEnhancement...
Compiling gw.util.GWBaseStringBuilderEnhancement...
Compiling gw.util.GWCoreSetEnhancement...
Compiling gw.util.GWILoggerEnhancement...
Compiling gw.sampledata.SampleSpecialistServicesBase...
Compiling gw.processes.ProcessHistoryPurge...
Compiling gw.processes.PurgeClusterMembers...
Compiling gw.processes.PurgeFailedWorkItems...
Compiling gw.processes.PurgeProcessBase...
Warning: remove(entity.KeyableBean) : KeyableBean in gw.pl.persistence.core.Bundle has been deprecated. [line:-1556 col:11] in
line 1: 
Compiling gw.processes.PurgeTransactionIds...
Warning: An implicit coercion from type java.lang.Integer to java.util.Date occurs here.  Consider making this explicit with an "as java.util.Date". [line:-649 col:34] in
line 1: 
Compiling gw.processes.PurgeWorkflowLogs...
Compiling gw.processes.PurgeWorkflows...
Compiling gw.processes.WorkItemSetPurge...
Compiling gw.processes.WorkQueueInstrumentationPurge...
Compiling gw.plugin.upgrade.AddLinkIDDatamodelUpgradePlugin...
Warning: Missing 'override' modifier. Function @CustomerMinorVersion() overrides and/or implements the function from gw.plugin.upgrade.AddLinkIDDatamodelUpgradePluginBase. [line:18 col:41] in
line 17:    */
line 18:   property get CustomerMinorVersion() : int {
line 19:     throw "implement me"
Warning: Missing 'override' modifier. Function @TableNames() overrides and/or implements the function from gw.plugin.upgrade.AddLinkIDDatamodelUpgradePluginBase. [line:29 col:42] in
line 28:    */
line 29:   property get TableNames() : List<String> {
line 30:     throw "implement me"
Compiling gw.plugin.upgrade.AddLinkIDDatamodelUpgradePluginBase...
Compiling gw.plugin.phone.DefaultABPhoneNormalizerPlugin...
Compiling gw.plugin.note.impl.LocalNoteTemplateSource...
Warning: gw.api.util.Logger in gw.api.util.Logger has been deprecated. [line:-10768 col:9] in
line 1: 
Warning: gw.api.util.Logger in gw.api.util.Logger has been deprecated. [line:-10951 col:9] in
line 1: 
Warning: gw.api.util.Logger in gw.api.util.Logger has been deprecated. [line:-12807 col:13] in
line 1: 
Warning: gw.api.util.Logger in gw.api.util.Logger has been deprecated. [line:-13006 col:13] in
line 1: 
Compiling gw.plugin.geocode.impl.BingMapsPlugin...
Warning: An implicit coercion from type java.math.BigDecimal to java.lang.Integer occurs here.  Consider making this explicit with an "as java.lang.Integer". [line:-11949 col:35] in
line 1: 
Compiling gw.plugin.email.impl.EmailMessageTransport...
Compiling gw.plugin.email.impl.JavaxEmailMessageTransport...
Compiling gw.plugin.document.impl.BaseDocumentProductionDispatcher...
Warning: gw.api.util.Logger in gw.api.util.Logger has been deprecated. [line:-2764 col:13] in
line 1: 
Compiling gw.plugin.document.impl.BaseDocumentTemplateSource...
Warning: gw.api.util.Logger in gw.api.util.Logger has been deprecated. [line:-2437 col:5] in
line 1: 
Warning: gw.api.util.Logger in gw.api.util.Logger has been deprecated. [line:-3667 col:11] in
line 1: 
Warning: gw.api.util.Logger in gw.api.util.Logger has been deprecated. [line:-8414 col:7] in
line 1: 
Warning: gw.api.util.Logger in gw.api.util.Logger has been deprecated. [line:-9545 col:7] in
line 1: 
Warning: gw.api.util.Logger in gw.api.util.Logger has been deprecated. [line:-12046 col:5] in
line 1: 
Compiling gw.plugin.document.impl.BaseLocalDocumentContentSource...
Warning: gw.api.util.Logger in gw.api.util.Logger has been deprecated. [line:-4315 col:11] in
line 1: 
Warning: gw.api.util.Logger in gw.api.util.Logger has been deprecated. [line:-4900 col:5] in
line 1: 
Warning: gw.api.util.Logger in gw.api.util.Logger has been deprecated. [line:-8360 col:9] in
line 1: 
Warning: gw.api.util.Logger in gw.api.util.Logger has been deprecated. [line:-8480 col:9] in
line 1: 
Compiling gw.plugin.document.impl.BaseLocalDocumentMetadataSource...
Warning: gw.api.util.Logger in gw.api.util.Logger has been deprecated. [line:-5588 col:7] in
line 1: 
Warning: gw.api.util.Logger in gw.api.util.Logger has been deprecated. [line:-5863 col:9] in
line 1: 
Warning: gw.api.util.Logger in gw.api.util.Logger has been deprecated. [line:-6113 col:11] in
line 1: 
Warning: gw.api.util.Logger in gw.api.util.Logger has been deprecated. [line:-7367 col:5] in
line 1: 
Warning: gw.api.util.Logger in gw.api.util.Logger has been deprecated. [line:-8002 col:11] in
line 1: 
Compiling gw.plugin.contact.pendingchange.ABContactContactDiffDisplay...
Compiling gw.plugin.contact.pendingchange.KeyableBeanDiffDisplay...
Compiling gw.plugin.contact.findduplicates.querybuilder.CompanyQueryBuilder...
Compiling gw.plugin.contact.findduplicates.querybuilder.ContactQueryBuilder...
Compiling gw.plugin.contact.findduplicates.querybuilder.PersonQueryBuilder...
Compiling gw.plugin.contact.findduplicates.querybuilder.PersonQueryBuilderBase...
Compiling gw.plugin.contact.findduplicates.querybuilder.PlaceQueryBuilder...
Compiling gw.plugin.contact.findduplicates.querybuilder.UserContactQueryBuilder...
Compiling gw.plugin.contact.findduplicates.CompanyDuplicateFinder...
Compiling gw.plugin.contact.findduplicates.DuplicateFinderBase...
Compiling gw.plugin.contact.findduplicates.FindDuplicatesPlugin...
Warning: toABContactAPISearchResultHelper() : ABContactAPISearchResultHelper in gw.api.webservice.addressbook.contactapi.ABContactSearchResult has been deprecated. [line:-2461 col:12] in
line 1: 
Warning: trace(block():java.lang.String) : void in gw.pl.logging.Logger has been deprecated. [line:-2897 col:5] in
line 1: 
Compiling gw.plugin.contact.findduplicates.PersonDuplicateFinder...
Compiling gw.plugin.contact.findduplicates.PersonVendorDuplicateFinder...
Compiling gw.plugin.contact.findduplicates.PlaceDuplicateFinder...
Compiling gw.plugin.contact.findduplicates.UserDuplicateFinder...
Compiling gw.plugin.contact.ValidateABContactCreationPluginImpl...
Compiling gw.plugin.contact.ValidateABContactSearchCriteriaPluginImpl...
Compiling gw.exportimport.ExportImportVendorServicesUtil...
Warning: This expression is already of type ABContact so casting it to KeyableBean is unnecessary. [line:-10681 col:20] in
line 1: 
Compiling gw.exportimport.ServiceMappings...
Compiling gw.entity.ABStateEnhancement...
Compiling gw.entity.GWABCompanyPrivacyEnhancement...
Compiling gw.entity.GWABContactAddressOwnerEnhancement...
Compiling gw.entity.GWABPersonPrivacyEnhancement...
Compiling gw.entity.GWAddressEnhancement...
Compiling gw.entity.GWBaseSpecialistServiceEnhancement...
Compiling gw.entity.GWContactAddressOwnerEnhancement...
Compiling gw.entity.GWEFTDataDelegatePrivacyEnhancement...
Compiling gw.entity.GWJurisdictionEnhancement...
Compiling gw.entity.GWKeyableBeanEnhancement...
Compiling gw.entity.GWPendingContactCreateViewEnhancement...
Compiling gw.entity.GWRootInfoEnhancement...
Compiling gw.entity.GWStateAbbreviationEnhancement...
Compiling gw.entity.GWStateEnhancement...
Compiling gw.document.DocTreeNode...
Compiling gw.document.GWDocumentUtilBaseEnhancement...
Compiling gw.datatype.persistence.PhoneDataTypePersistenceHandler...
Compiling gw.datatype.GWDataTypesEnhancement...
Compiling gw.database.dmv.db2BufferPoolPage...
Compiling gw.database.dmv.db2EventMonitorPage...
Compiling gw.database.dmv.db2IndexesPage...
Compiling gw.database.dmv.db2InstrumentedQueries...
Compiling gw.database.dmv.db2MainPage...
Compiling gw.database.dmv.db2PkgCachePage...
Compiling gw.database.dmv.db2pkgcacheTable...
Compiling gw.database.dmv.db2queryPage...
Compiling gw.database.dmv.db2ReasonsPage...
Compiling gw.database.dmv.db2tablePage...
Compiling gw.database.dmv.db2TablespacePage...
Compiling gw.database.dmv.db2TablesPage...
Compiling gw.database.dmv.db2UsageListTable...
Compiling gw.database.dmv.db2WorkloadPeriodPage...
Compiling gw.database.dmv.db2WorkloadPeriodPageAll...
Compiling gw.database.dmv.db2WorkloadStats...
Compiling gw.database.dmv.DMVHeaderTempl...
Compiling gw.currency.fxrate.impl.FXRateImpl...
Compiling gw.currency.fxrate.impl.FXRateServiceImpl...
Warning: setHours(int) : void in java.util.Date has been deprecated. [line:-6611 col:5] in
line 1: 
Compiling gw.currency.GWArrayMonetaryAmountSumEnhancement...
Compiling gw.currency.GWArrayOfMonetaryAmountEnhancement...
Compiling gw.currency.GWIterableMonetaryAmountSumEnhancement...
Compiling gw.currency.GWIterableOfMonetaryAmountEnhancement...
Compiling gw.contactmapper.ab800.ContactIntegrationMapperFactory...
Compiling gw.contactmapper.ab800.ContactMapper...
Compiling gw.contactmapper.ab700.ContactIntegrationXMLMapper...
Warning: ContactIntegrationXMLMapper() in ContactIntegrationXMLMapper has been deprecated. [line:-713 col:64] in
line 1: 
Compiling gw.command.ImportSampleData...
Compiling gw.api.validation.PhoneValidator...
Compiling gw.api.user.GWUserEnhancement...
Compiling gw.api.privacy.EncryptionMaskExpressions...
Compiling gw.api.phone.BusinessPhoneOwner...
Compiling gw.api.phone.ContactPhoneDelegate...
Compiling gw.api.phone.ContactPhoneMappers...
Compiling gw.api.phone.DefaultPhoneNormalizerPlugin...
Compiling gw.api.phone.StandardPhoneOwner...
Compiling gw.api.name.ABContactNameDelegate...
Compiling gw.api.name.ABContactNameFieldImpl...
Compiling gw.api.name.ABPersonNameDelegate...
Compiling gw.api.name.ABPersonNameFieldImpl...
Compiling gw.api.name.ABUserNameOwner...
Compiling gw.api.name.ContactNameDelegate...
Compiling gw.api.name.ContactNameFields...
Compiling gw.api.name.ContactNameFieldsImpl...
Compiling gw.api.name.ContactNameOwner...
Compiling gw.api.name.GWContactEnhancement...
Compiling gw.api.name.GWPersonEnhancement...
Compiling gw.api.name.NameFormatter...
Compiling gw.api.name.NameLocaleSettings...
Compiling gw.api.name.NameOwner...
Compiling gw.api.name.NameOwnerBase...
Compiling gw.api.name.NameOwnerFieldId...
Compiling gw.api.name.PersonNameDelegate...
Compiling gw.api.name.PersonNameFields...
Compiling gw.api.name.PersonNameFieldsImpl...
Compiling gw.api.name.PLContactCriteriaDelegate...
Compiling gw.api.name.PLContactSearchNameDelegate...
Compiling gw.api.name.PLPersonNameSearchOwner...
Compiling gw.api.name.SearchContactNameDelegate...
Compiling gw.api.name.SearchNameOwner...
Compiling gw.api.name.SearchPersonNameDelegate...
Compiling gw.api.name.UserSearchNameOwner...
Compiling gw.api.financials.GWArrayOfCurrencyAmountsEnhancement...
Compiling gw.api.financials.GWCurrencyAmountEnhancement...
Compiling gw.api.financials.GWIMoneyEnhancement...
Compiling gw.api.financials.GWIterableOfCurrencyAmountEnhancement...
Compiling gw.api.email.EmailTemplateSearchCriteria...
Compiling gw.api.domain.GWBeanArrayEnhancement...
Compiling gw.api.domain.GWBeanIterableEnhancement...
Compiling gw.api.domain.GWBeanLoaderEnhancement...
Compiling gw.api.domain.GWContactEnhancement...
Compiling gw.api.domain.GWEffDatedVersionListArrayEnhancement...
Compiling gw.api.domain.GWEffDatedVersionListIterableEnhancement...
Compiling gw.api.domain.GWPersonEnhancement...
Compiling gw.api.domain.GWVLLoaderEnhancement...
Compiling gw.api.database.GWDBFunctionEnhancement...
Compiling gw.api.database.GWIQueryBuilderEnhancement...
Compiling gw.api.database.GWIQueryResultEnhancement...
Compiling gw.api.database.GWISelectQueryBuilderEnhancement...
Compiling gw.api.database.GWISimpleQueryBuilderEnhancement...
Compiling gw.api.database.GWQueryEnhancement...
Compiling gw.api.database.GWQuerySelectColumnsEnhancement...
Compiling gw.api.data.DataSets...
Compiling gw.api.contact.ABAddressUtil...
Compiling gw.api.address.ABAddressOwnerFieldId...
Compiling gw.api.address.ABContactPrimaryAddressOwner...
Compiling gw.api.address.AbstractAddressOwner...
Compiling gw.api.address.AddressAutofillableDelegate...
Compiling gw.api.address.AddressAutofillHelper...
Compiling gw.api.address.AddressCountrySettings...
Compiling gw.api.address.AddressEntityDelegate...
Compiling gw.api.address.AddressFillableExtension...
Compiling gw.api.address.AddressFillableExtensionImpl...
Compiling gw.api.address.AddressFormatter...
Compiling gw.api.address.AddressJurisdictionHandler...
Compiling gw.api.address.AddressOwner...
Compiling gw.api.address.AddressOwnerBase...
Compiling gw.api.address.AddressOwnerFieldId...
Compiling gw.api.address.AutofillableField...
Compiling gw.api.address.ContactPrimaryAddressOwner...
Compiling gw.api.address.GWAddressEnhancement...
Compiling gw.api.address.PostalCodeInputFormatter...
Compiling gw.api.address.SearchAddressOwner...
Compiling gw.api.address.SearchProximityAddressOwner...
Compiling gw.api.address.SecondaryAddressOwner...
Compiling gw.admin.RegionsUIHelper...
Compiling com.guidewire.pl.quickjump.BaseCommand...
Compiling acmelab.ta.webservice.company.CompanyAPI...
Warning: The property "body" is not referenced by the proper case.  Please change this reference to "Body". [line:-907 col:9] in
line 1: 
Compiling acmelab.ta.webservice.company.EmployeeSummary...
Compiling acmelab.ta.plugin.exchangerate.AcmeIExchangeRateSetPlugin...
Compiling acmelab.ta.gosu.PolicyPersonXML...
Compiling acmelab.ta.enhancements.entity.ABContactAnalysisEnhancement...
Compiling acmelab.ta.classes.ABContactSummary...
Compiling acmelab.ta.classes.AddressCleanupUtil...
Compiling acme.ta.webservice.contact.ContactAPI...
Compiling acme.ta.webservice.contact.ContactInfo...
Compiling acme.ta.plugin.exchangerate.AcmeIExchangeRateSetPlugin...
Compiling acme.ta.plugin.exchangerate.AcmeIExchangeRateSetPluginWithParameters...
Compiling acme.ta.messaging.vendorrecommendation.VendorRecommendationRequest...
Compiling acme.ta.messaging.vendorrecommendation.VendorRecommendationTemplate...
Compiling acme.ta.messaging.vendorrecommendation.VendorRecommendationTransport...
Compiling acme.ta.messaging.legalreport.LegalReportAPI...
Compiling acme.ta.messaging.legalreport.LegalReportRequest...
Compiling acme.ta.messaging.legalreport.LegalReportTransport...
Warning: You should add an explicitly caught type here. [line:-1364 col:14] in
line 1: 
Compiling acme.ta.messaging.bank.BankAccountDataTemplate...
Compiling acme.ta.messaging.bank.BankAccountVerificationRequest...
Compiling acme.ta.messaging.bank.BankAccountVerificationTransport...
Compiling acme.ta.messaging.PolicyPeriodReply...
Warning: An implicit coercion from type java.lang.String to boolean occurs here.  Consider making this explicit with an "as boolean". [line:-1503 col:17] in
line 1: 
Warning: An implicit coercion from type java.lang.String to boolean occurs here.  Consider making this explicit with an "as boolean". [line:-1615 col:17] in
line 1: 
Warning: An implicit coercion from type java.lang.String to boolean occurs here.  Consider making this explicit with an "as boolean". [line:-1766 col:17] in
line 1: 
Warning: An implicit coercion from type java.lang.String to boolean occurs here.  Consider making this explicit with an "as boolean". [line:-1870 col:17] in
line 1: 
Warning: You should add an explicitly caught type here. [line:-2674 col:16] in
line 1: 
Compiling acme.ta.enhancements.java.CalendarEnhancement...
Warning: Implicit coercion to ArrayList. Please use ArrayList explicitly. [line:-718 col:27] in
line 1: 
Compiling acme.ta.enhancements.entity.ABCompanyEnhancement...
Compiling acme.ta.enhancements.entity.ABContactEnhancement...
Compiling acme.ta.enhancements.entity.ABPersonEnhancement...
Compiling acme.ta.enhancements.entity.ABPolicyPersonEnhancement...
Warning: An implicit coercion from type java.math.BigDecimal to double occurs here.  Consider making this explicit with an "as double". [line:-440 col:32] in
line 1: 
Compiling acme.ta.enhancements.entity.FlagEntryEnhancement...
Compiling acme.ta.enhancements.entity.VendorEvaluationEnhancement...
Compiling acme.ta.enhancements.entity.Verifiable_ExtEnhancement...
Compiling acme.ta.classes.ILineAndFill...
Compiling acme.ta.classes.Rectangle...
Compiling acme.ta.classes.SequenceUtilityExamples...
Compiling acme.ta.classes.Square...
Compiling acme.ta.batch.legalreport.FlagOverdueLegalReportsBatch...
Compiling acme.ta.batch.ProcessesPlugin...
Compiling rules.Validation.RegionValidationRules_dir.Regionzonesareinzonelookup...
Compiling rules.Validation.PersonValidationRules_dir.Cellphonehasvalidcountrycode...
Compiling rules.Validation.ContactValidationRules_dir.Faxphonecountrycodemustbevalid...
Compiling rules.Validation.ContactValidationRules_dir.Homephonecountrycodemustbevalid...
Compiling rules.Validation.ContactValidationRules_dir.Workphonecountrycodemustbevalid...
Compiling rules.Validation.ABContactValidationRules_dir.DefaultValidationRules_dir.RequirePastDOB...
Compiling rules.Validation.ABContactValidationRules_dir.DefaultValidationRules_dir.RequirePhoneCountryCode...
Warning: This expression is already of type ABPerson so casting it to ABPerson is unnecessary. [line:-366 col:34] in
line 1: 
Warning: This expression is already of type ABPerson so casting it to ABPerson is unnecessary. [line:-1356 col:18] in
line 1: 
Compiling rules.Validation.ABContactValidationRules_dir.DefaultValidationRules_dir.RequirePhoneNumber...
Compiling rules.Validation.ABContactValidationRules_dir.DefaultValidationRules_dir.RequirePrimaryNumber...
Compiling rules.Validation.ABContactValidationRules_dir.DefaultValidationRules_dir.RequireValidPhoneCountry...
Warning: This expression is already of type ABPerson so casting it to ABPerson is unnecessary. [line:-346 col:34] in
line 1: 
Warning: This expression is already of type ABPerson so casting it to ABPerson is unnecessary. [line:-1293 col:18] in
line 1: 
Compiling rules.Validation.ABContactValidationRules_dir.DefaultValidationRules...
Compiling rules.Validation.ABContactValidationRules...
Compiling rules.Validation.ContactValidationRules...
Compiling rules.Validation.PersonValidationRules...
Compiling rules.Validation.RegionValidationRules...
Compiling rules.Preupdate.PendingContactChangePreupdate_dir.PendingCreateRejection...
Compiling rules.Preupdate.PendingContactChangePreupdate_dir.PendingUpdateRejection...
Compiling rules.Preupdate.AddressPreupdate_dir.ContactPrimaryAddressAddedHistoryEvent...
Compiling rules.Preupdate.AddressPreupdate_dir.ContactPrimaryAddressEditedHistoryEvent...
Compiling rules.Preupdate.AddressPreupdate_dir.ContactSecondaryAddressAddedHistoryEvent...
Compiling rules.Preupdate.AddressPreupdate_dir.ContactSecondaryAddressEditedHistoryEvent...
Compiling rules.Preupdate.ABContactPreupdate_dir.NameUpdatedHistoryEvent_dir.NonPerson...
Compiling rules.Preupdate.ABContactPreupdate_dir.NameUpdatedHistoryEvent_dir.Person...
Compiling rules.Preupdate.ABContactPreupdate_dir.ABPU2000SubtypeABPerson_dir.ABPU2010Flaglackofemailaddress...
Compiling rules.Preupdate.ABContactPreupdate_dir.ABPU1000SubtypeABContact_dir.ABPU1010Contactcreated...
Compiling rules.Preupdate.ABContactPreupdate_dir.ABPU1000SubtypeABContact_dir.ABPU1020Assigneduserchanged...
Compiling rules.Preupdate.ABContactPreupdate_dir.ABPU1000SubtypeABContact_dir.ABPU1030Flaginvalidaddress...
Compiling rules.Preupdate.ABContactPreupdate_dir.ABPU1000SubtypeABContact_dir.ABPU1040Unverifychangedbankaccounts...
Compiling rules.Preupdate.ABContactPreupdate_dir.ABPU1000SubtypeABContact...
Compiling rules.Preupdate.ABContactPreupdate_dir.ABPU2000SubtypeABPerson...
Compiling rules.Preupdate.ABContactPreupdate_dir.ABPU3000SubtypeABVendor...
Compiling rules.Preupdate.ABContactPreupdate_dir.ABPU4000SubtypeABLawFirm...
Warning: Prior case clause is non-terminal; possible missing break, continue, or return statement [line:31 col:5] in
line 30: 			 hourlyRate = 262
line 31: 		  case LegalSpecialty.TC_WORKERSCOMP:
line 32: 			 hourlyRate = 319
Warning: Prior case clause is non-terminal; possible missing break, continue, or return statement [line:33 col:5] in
line 32: 			 hourlyRate = 319
line 33: 		  case LegalSpecialty.TC_MOTORVEHLIABILITY:
line 34: 			hourlyRate = 295
Warning: Prior case clause is non-terminal; possible missing break, continue, or return statement [line:35 col:5] in
line 34: 			hourlyRate = 295
line 35: 		  case LegalSpecialty.TC_PERSONALINJURY:
line 36: 			hourlyRate = 333
Warning: Prior case clause is non-terminal; possible missing break, continue, or return statement [line:37 col:5] in
line 36: 			hourlyRate = 333
line 37: 		  default:
line 38: 			hourlyRate = 284
Compiling rules.Preupdate.ABContactPreupdate_dir.ABPU5000SubtypeABDoctor...
Warning: The property "isOpen" is not referenced by the proper case.  Please change this reference to "IsOpen". [line:-607 col:2] in
line 1: 
Compiling rules.Preupdate.ABContactPreupdate_dir.CellPhoneChangedHistoryEvent...
Compiling rules.Preupdate.ABContactPreupdate_dir.ContactCreatedHistoryEvent...
Compiling rules.Preupdate.ABContactPreupdate_dir.FaxPhoneChangedHistoryEvent...
Compiling rules.Preupdate.ABContactPreupdate_dir.HomePhoneChangedHistoryEvent...
Compiling rules.Preupdate.ABContactPreupdate_dir.NameUpdatedHistoryEvent...
Compiling rules.Preupdate.ABContactPreupdate_dir.PendingContactCreateHistoryEvent...
Compiling rules.Preupdate.ABContactPreupdate_dir.PrimaryAddressChangedHistoryEvent...
Compiling rules.Preupdate.ABContactPreupdate_dir.PrimaryAddressRemovedHistoryEvent...
Compiling rules.Preupdate.ABContactPreupdate_dir.PrimaryPhoneTypeChangedHistoryEvent...
Compiling rules.Preupdate.ABContactPreupdate_dir.RelatedContactRemovedHistoryEvent...
Compiling rules.Preupdate.ABContactPreupdate_dir.SecondaryAddressRemovedHistoryEvent...
Compiling rules.Preupdate.ABContactPreupdate_dir.SetVendorsPrimaryAddressBatchGeocode...
Compiling rules.Preupdate.ABContactPreupdate_dir.WorkPhoneChangedHistoryEvent...
Compiling rules.Preupdate.ABContactContactPreupdate_dir.ABContactContactAddedHistoryEvent...
Compiling rules.Preupdate.ABContactContactPreupdate_dir.ABContactContactUpdatedHistoryEvent...
Compiling rules.Preupdate.ABContactContactPreupdate...
Compiling rules.Preupdate.ABContactPreupdate...
Compiling rules.Preupdate.AddressPreupdate...
Compiling rules.Preupdate.PendingContactChangePreupdate...
Compiling rules.EventMessage.EventFired_dir.SafeOrderingDemo_dir.SafeOrderingDemoABContact...
Compiling rules.EventMessage.EventFired_dir.SafeOrderingDemo_dir.SafeOrderingDemoUser...
Compiling rules.EventMessage.EventFired_dir.PolicyCenter_dir.Contact_dir.CreatedApproved...
Compiling rules.EventMessage.EventFired_dir.PolicyCenter_dir.Contact_dir.PendingChangeRejected...
Compiling rules.EventMessage.EventFired_dir.PolicyCenter_dir.Contact_dir.Remove...
Compiling rules.EventMessage.EventFired_dir.PolicyCenter_dir.Contact_dir.Update...
Compiling rules.EventMessage.EventFired_dir.PolicyCenter_dir.Contact...
Compiling rules.EventMessage.EventFired_dir.LREF1000LegalCaseReport_dir.LREF1100ABContact_dir.LREF1110ReportRequested...
Compiling rules.EventMessage.EventFired_dir.LREF1000LegalCaseReport_dir.LREF1100ABContact...
Compiling rules.EventMessage.EventFired_dir.ClaimCenter_dir.Contact_dir.CreatedApproved...
Compiling rules.EventMessage.EventFired_dir.ClaimCenter_dir.Contact_dir.PendingChangeRejected...
Compiling rules.EventMessage.EventFired_dir.ClaimCenter_dir.Contact_dir.Remove...
Compiling rules.EventMessage.EventFired_dir.ClaimCenter_dir.Contact_dir.Update...
Compiling rules.EventMessage.EventFired_dir.ClaimCenter_dir.Contact...
Compiling rules.EventMessage.EventFired_dir.BillingCenter_dir.Contact_dir.CreatedApproved...
Compiling rules.EventMessage.EventFired_dir.BillingCenter_dir.Contact_dir.PendingChangeRejected...
Compiling rules.EventMessage.EventFired_dir.BillingCenter_dir.Contact_dir.Remove...
Compiling rules.EventMessage.EventFired_dir.BillingCenter_dir.Contact_dir.Update...
Compiling rules.EventMessage.EventFired_dir.BillingCenter_dir.Contact...
Compiling rules.EventMessage.EventFired_dir.BAEF1000BankAccountVerification_dir.BAEF1100BankAccount_dir.BAEF1110AddedChanged_dir.BAEF1111FieldChanged...
Compiling rules.EventMessage.EventFired_dir.BAEF1000BankAccountVerification_dir.BAEF1100BankAccount_dir.BAEF1110AddedChanged...
Compiling rules.EventMessage.EventFired_dir.BAEF1000BankAccountVerification_dir.BAEF1100BankAccount...
Compiling rules.EventMessage.EventFired_dir.ABEF1000VendorRecommendation_dir.ABEF1100ABContact_dir.ABEF1110Recommended...
Compiling rules.EventMessage.EventFired_dir.ABEF1000VendorRecommendation_dir.ABEF1100ABContact...
Compiling rules.EventMessage.EventFired_dir.ABEF1000VendorRecommendation...
Compiling rules.EventMessage.EventFired_dir.BAEF1000BankAccountVerification...
Compiling rules.EventMessage.EventFired_dir.BillingCenter...
Compiling rules.EventMessage.EventFired_dir.ClaimCenter...
Compiling rules.EventMessage.EventFired_dir.LREF1000LegalCaseReport...
Compiling rules.EventMessage.EventFired_dir.MessageGeneratorDemo...
Compiling rules.EventMessage.EventFired_dir.PolicyCenter...
Compiling rules.EventMessage.EventFired_dir.SafeOrderingDemo...
Compiling rules.EventMessage.EventFired...
Compiling -> 52221ms
